<?xml version="1.0" encoding="UTF-8"?>
<!-- Generated by org.testng.reporters.JUnitReportReporter -->
<testsuite hostname="DESKTOP-UID563U" failures="0" tests="1" name="Test.Test_R_L" time="57.226" errors="0" timestamp="2024-09-09T12:31:08 IST" skipped="0">
  <testcase classname="Test.Test_R_L" name="test" time="57.226"/>
</testsuite> <!-- Test.Test_R_L -->
