<?xml version="1.0" encoding="UTF-8"?>
<!-- Generated by org.testng.reporters.JUnitReportReporter -->
<testsuite hostname="DESKTOP-UID563U" failures="0" tests="1" name="Test.Test_Screen" time="87.582" errors="0" timestamp="2024-09-10T21:53:25 IST" skipped="0">
  <testcase classname="Test.Test_Screen" name="test" time="87.582"/>
</testsuite> <!-- Test.Test_Screen -->
