<?xml version="1.0" encoding="UTF-8"?>
<!-- Generated by org.testng.reporters.JUnitReportReporter -->
<testsuite hostname="DESKTOP-UID563U" failures="0" tests="1" name="Test.Test_Down" time="59.018" errors="0" timestamp="2024-09-10T22:12:16 IST" skipped="0">
  <testcase classname="Test.Test_Down" name="test" time="59.018"/>
</testsuite> <!-- Test.Test_Down -->
