<?xml version="1.0" encoding="UTF-8"?>
<!-- Generated by org.testng.reporters.JUnitReportReporter -->
<testsuite hostname="DESKTOP-UID563U" failures="0" tests="1" name="Test.Test_Add_Cart" time="16.885" errors="0" timestamp="2024-09-10T00:58:13 IST" skipped="0">
  <testcase classname="Test.Test_Add_Cart" name="test" time="16.885"/>
</testsuite> <!-- Test.Test_Add_Cart -->
